2016-03-13 18:06:37: Query available display modes
2016-03-13 18:06:37: SDL_GetNumDisplayModes: 10
2016-03-13 18:06:37: 	Found: 1920x1080x24
2016-03-13 18:06:37: 	Found: 1440x900x24
2016-03-13 18:06:37: 	Found: 1280x1024x24
2016-03-13 18:06:37: 	Found: 1280x800x24
2016-03-13 18:06:37: 	Found: 1152x864x24
2016-03-13 18:06:37: 	Found: 1024x768x24
2016-03-13 18:06:37: 	Found: 800x600x24
2016-03-13 18:06:37: 	Found: 640x480x24
2016-03-13 18:06:37: Class 'PPhysicsInterfaceBullet' has a position dependant constructor and should be marked as having no default constructor to avoid usage of the default buffer
2016-03-13 18:06:38: Joystick Microsoft X-Box 360 pad: 030000005e0400008e02000010010000
2016-03-13 18:06:38: Controller 0 is mapped as "030000005e0400008e02000010010000,X360 Controller,a:b0,b:b1,back:b6,dpdown:h0.4,dpleft:h0.8,dpright:h0.2,dpup:h0.1,guide:b8,leftshoulder:b4,leftstick:b9,lefttrigger:a2,leftx:a0,lefty:a1,rightshoulder:b5,rightstick:b10,righttrigger:a5,rightx:a3,righty:a4,start:b7,x:b2,y:b3,platform:Linux,".
2016-03-13 18:06:38: PInputDevicePadSDL: Controller does not support haptics! SDL Error: Haptic: There are 0 haptic devices available
2016-03-13 18:06:38: Platform::System Initialized 
2016-03-13 18:06:38: Lang Initialized 
2016-03-13 18:06:38: EventManager Initialized 
2016-03-13 18:06:38: DataRecording Initialized 
2016-03-13 18:06:38: GameData Initialized 
2016-03-13 18:06:38: Error on initialize SoundManager
2016-03-13 18:06:38: InputManager Initialized 
2016-03-13 18:06:38: SystemDialog Initialized 
2016-03-13 18:06:38: ThumbSequenceDetector Initialized 
2016-03-13 18:06:38: NetworkManager Initialized 
2016-03-13 18:06:38: TrophyManager Initialized 
2016-03-13 18:06:38: PopUp create...
2016-03-13 18:06:38: /home/blit/Repos/olliolli2/olliolli2/Core/ObjectModel/PhyreCluster.cpp(146): LoadAssetFile: Unable to get open reader stream to file 'Media/GLx64/Samples/Sprite/Sprite_v2.cgfx.phyre'
2016-03-13 18:06:49: onSize(636, 1041)

2016-03-13 18:06:49: /home/blit/Repos/olliolli2/olliolli2/Core/ObjectModel/PhyreCluster.cpp(146): LoadAssetFile: Unable to get open reader stream to file 'Media/GLx64/2DGame/ParticlesBatched.cgfx.phyre'
2016-03-13 18:06:49: /home/blit/Repos/olliolli2/olliolli2/Core/ObjectModel/PhyreCluster.cpp(146): LoadAssetFile: Unable to get open reader stream to file 'Media/GLx64/2DGame/LevelShader.cgfx.phyre'
2016-03-13 18:06:49: onSize(1920, 1080)

2016-03-13 18:07:23: Clusters Loaded 
2016-03-13 18:07:23: Currently reading file : Media/2DGame/AnimationData2.ini
2016-03-13 18:07:23: AnimationData.ini loaded 
2016-03-13 18:07:23: Currently reading file : Media/2DGame/TricksData.ini
2016-03-13 18:07:23: TrickData.ini loaded 
2016-03-13 18:07:23: Time taken: 68.528170s
2016-03-13 18:07:23: Currently reading file : Media/2DGame/MaterialMaps/OlliwoodSoundMap.csv
2016-03-13 18:07:23: Currently reading file : Media/2DGame/MaterialMaps/RuinsSoundMap.csv
2016-03-13 18:07:23: Currently reading file : Media/2DGame/MaterialMaps/WildWestSoundMap.csv
2016-03-13 18:07:23: Currently reading file : Media/2DGame/MaterialMaps/CarnivalSoundMap.csv
2016-03-13 18:07:23: Currently reading file : Media/2DGame/MaterialMaps/FutureCitySoundMap.csv
2016-03-13 18:07:23: Loaded Animation Successfully
2016-03-13 18:07:23: Loaded Tricks Successfully
2016-03-13 18:07:23: Collision data loaded 
2016-03-13 18:07:23: GameCore initialise...2016-03-13 18:07:23: Creating render target: 1920, 1080
2016-03-13 18:07:23: Creating render target: 1920, 1080
2016-03-13 18:07:35: Retrieving ranks from board [517]
2016-03-13 18:07:36: ===> Board ID [1191586], num entries [0]
2016-03-13 18:07:36: 
2016-03-13 18:07:36: MenuStateStart deactivating...
2016-03-13 18:07:36: activated career menu2016-03-13 18:07:37: Null sprite collection in ImageElement::getWidth()
2016-03-13 18:07:37: Null sprite collection in ImageElement::getHeight()
2016-03-13 18:07:39: deactivated career menu2016-03-13 18:07:39: activated pre game screen menu2016-03-13 18:07:40: deactivated pre game screen menu2016-03-13 18:07:40: Number of Entities in Level: 59 
2016-03-13 18:07:41: HUD INITIALIZED 
2016-03-13 18:07:45: This is my trick: 32 
2016-03-13 18:07:45: This is my trick: 19 
2016-03-13 18:07:45: This is my trick: 19 
2016-03-13 18:07:45: This is my trick: 19 
2016-03-13 18:07:49: This is my trick: 32 
2016-03-13 18:07:49: This is my trick: 19 
2016-03-13 18:07:49: This is my trick: 19 
2016-03-13 18:07:49: This is my trick: 19 
2016-03-13 18:07:53: Just deactivated an entity of type : 2
2016-03-13 18:07:53: Perfect Launch 
2016-03-13 18:07:54: Time has passed 
2016-03-13 18:07:55: This is my trick: 32 
2016-03-13 18:07:55: This is my trick: 19 
2016-03-13 18:07:55: This is my trick: 19 
2016-03-13 18:07:55: This is my trick: 19 
2016-03-13 18:08:00: Registering score [27285] in board [3]
2016-03-13 18:08:04: This is my trick: 32 
2016-03-13 18:08:04: This is my trick: 19 
2016-03-13 18:08:04: This is my trick: 19 
2016-03-13 18:08:04: This is my trick: 19 
2016-03-13 18:08:08: Perfect Launch 
2016-03-13 18:08:08: Just deactivated an entity of type : 2
2016-03-13 18:08:09: Time has passed 
2016-03-13 18:08:13: This is my trick: 32 
2016-03-13 18:08:13: This is my trick: 19 
2016-03-13 18:08:13: This is my trick: 19 
2016-03-13 18:08:13: This is my trick: 19 
2016-03-13 18:08:15: This is my trick: 30 
2016-03-13 18:08:15: This is my trick: 21 
2016-03-13 18:08:15: This is my trick: 21 
2016-03-13 18:08:15: This is my trick: 21 
2016-03-13 18:08:21: This is my trick: 32 
2016-03-13 18:08:21: This is my trick: 19 
2016-03-13 18:08:21: This is my trick: 19 
2016-03-13 18:08:21: This is my trick: 19 
2016-03-13 18:08:27: This is my trick: 32 
2016-03-13 18:08:27: This is my trick: 19 
2016-03-13 18:08:27: This is my trick: 19 
2016-03-13 18:08:27: This is my trick: 19 
2016-03-13 18:08:31: Just deactivated an entity of type : 2
2016-03-13 18:08:31: Perfect Launch 
2016-03-13 18:08:32: Time has passed 
2016-03-13 18:08:36: This is my trick: 32 
2016-03-13 18:08:36: This is my trick: 19 
2016-03-13 18:08:36: This is my trick: 19 
2016-03-13 18:08:36: This is my trick: 19 
2016-03-13 18:08:40: Just deactivated an entity of type : 2
2016-03-13 18:08:50: Registering score [27285] in board [3]
2016-03-13 18:08:55: This is my trick: 32 
2016-03-13 18:08:55: This is my trick: 19 
2016-03-13 18:08:55: This is my trick: 19 
2016-03-13 18:08:55: This is my trick: 19 
2016-03-13 18:08:58: Perfect Launch 
2016-03-13 18:08:58: Just deactivated an entity of type : 2
2016-03-13 18:08:58: Time has passed 
2016-03-13 18:09:00: This is my trick: 32 
2016-03-13 18:09:00: This is my trick: 19 
2016-03-13 18:09:00: This is my trick: 19 
2016-03-13 18:09:00: This is my trick: 19 
2016-03-13 18:09:03: This is my trick: 40 
2016-03-13 18:09:03: This is my trick: 40 
2016-03-13 18:09:03: This is my trick: 40 
2016-03-13 18:09:03: This is my trick: 38 
2016-03-13 18:09:03: This is my trick: 38 
2016-03-13 18:09:03: This is my trick: 38 
2016-03-13 18:09:14: Perfect Launch 
2016-03-13 18:09:14: Just deactivated an entity of type : 2
2016-03-13 18:09:14: Time has passed 
2016-03-13 18:09:19: This is my trick: 32 
2016-03-13 18:09:19: This is my trick: 19 
2016-03-13 18:09:19: This is my trick: 19 
2016-03-13 18:09:19: This is my trick: 19 
2016-03-13 18:09:22: Just deactivated an entity of type : 2
2016-03-13 18:09:22: Perfect Launch 
2016-03-13 18:09:23: Time has passed 
2016-03-13 18:09:25: This is my trick: 32 
2016-03-13 18:09:25: This is my trick: 19 
2016-03-13 18:09:25: This is my trick: 19 
2016-03-13 18:09:25: This is my trick: 19 
2016-03-13 18:09:27: This is my trick: 32 
2016-03-13 18:09:27: This is my trick: 19 
2016-03-13 18:09:27: This is my trick: 19 
2016-03-13 18:09:27: This is my trick: 19 
2016-03-13 18:09:35: I am playing the fall sound. Plays on initial collision and on bounces2016-03-13 18:09:35: Just deactivated an entity of type : 2
2016-03-13 18:09:36: Registering score [27285] in board [3]
2016-03-13 18:09:44: Perfect Launch 
2016-03-13 18:09:44: Just deactivated an entity of type : 2
2016-03-13 18:09:44: Time has passed 
2016-03-13 18:10:00: This is my trick: 32 
2016-03-13 18:10:00: This is my trick: 19 
2016-03-13 18:10:00: This is my trick: 19 
2016-03-13 18:10:00: This is my trick: 19 
2016-03-13 18:10:02: Perfect Launch 
2016-03-13 18:10:02: Just deactivated an entity of type : 2
2016-03-13 18:10:03: Time has passed 
2016-03-13 18:10:06: I am playing the fall sound. Plays on initial collision and on bounces2016-03-13 18:10:09: This is my trick: 32 
2016-03-13 18:10:09: This is my trick: 19 
2016-03-13 18:10:09: This is my trick: 19 
2016-03-13 18:10:09: This is my trick: 19 
2016-03-13 18:10:13: Just deactivated an entity of type : 2
2016-03-13 18:10:13: Perfect Launch 
2016-03-13 18:10:14: Time has passed 
2016-03-13 18:10:16: I am playing the fall sound. Plays on initial collision and on bounces2016-03-13 18:10:23: Just deactivated an entity of type : 2
2016-03-13 18:10:23: Perfect Launch 
2016-03-13 18:10:24: Time has passed 
2016-03-13 18:10:26: This is my trick: 32 
2016-03-13 18:10:26: This is my trick: 19 
2016-03-13 18:10:26: This is my trick: 19 
2016-03-13 18:10:26: This is my trick: 19 
2016-03-13 18:10:27: I am playing the fall sound. Plays on initial collision and on bounces2016-03-13 18:10:34: Perfect Launch 
2016-03-13 18:10:34: Just deactivated an entity of type : 2
2016-03-13 18:10:34: Time has passed 
2016-03-13 18:10:52: This is my trick: 32 
2016-03-13 18:10:52: This is my trick: 19 
2016-03-13 18:10:52: This is my trick: 19 
2016-03-13 18:10:52: This is my trick: 19 
2016-03-13 18:10:56: Just deactivated an entity of type : 2
2016-03-13 18:11:00: This is my trick: 32 
2016-03-13 18:11:00: This is my trick: 19 
2016-03-13 18:11:00: This is my trick: 19 
2016-03-13 18:11:00: This is my trick: 19 
2016-03-13 18:11:04: Just deactivated an entity of type : 2
2016-03-13 18:11:07: This is my trick: 40 
2016-03-13 18:11:07: This is my trick: 40 
2016-03-13 18:11:07: This is my trick: 40 
2016-03-13 18:11:07: This is my trick: 40 
2016-03-13 18:11:07: This is my trick: 38 
2016-03-13 18:11:07: This is my trick: 38 
2016-03-13 18:11:07: This is my trick: 38 
2016-03-13 18:11:07: This is my trick: 38 
2016-03-13 18:11:07: This is my trick: 38 
2016-03-13 18:11:09: Registering score [27525] in board [3]
2016-03-13 18:11:09: Score registered Score: [27525] Rank [7672]
2016-03-13 18:11:16: Perfect Launch 
2016-03-13 18:11:16: Just deactivated an entity of type : 2
2016-03-13 18:11:16: Time has passed 
2016-03-13 18:11:30: This is my trick: 30 
2016-03-13 18:11:30: This is my trick: 21 
2016-03-13 18:11:30: This is my trick: 21 
2016-03-13 18:11:30: This is my trick: 21 
2016-03-13 18:11:34: Just deactivated an entity of type : 2
2016-03-13 18:11:41: Just deactivated an entity of type : 2
2016-03-13 18:11:50: Just deactivated an entity of type : 2
2016-03-13 18:11:57: This is my trick: 32 
2016-03-13 18:11:57: This is my trick: 32 
2016-03-13 18:11:57: This is my trick: 32 
2016-03-13 18:11:57: Just deactivated an entity of type : 2
2016-03-13 18:11:57: Perfect Launch 
2016-03-13 18:11:58: Time has passed 
2016-03-13 18:12:04: I am playing the fall sound. Plays on initial collision and on bounces2016-03-13 18:12:11: This is my trick: 32 
2016-03-13 18:12:11: This is my trick: 19 
2016-03-13 18:12:11: This is my trick: 19 
2016-03-13 18:12:11: This is my trick: 19 
2016-03-13 18:12:12: Just deactivated an entity of type : 2
2016-03-13 18:12:20: Perfect Launch 
2016-03-13 18:12:20: Just deactivated an entity of type : 2
2016-03-13 18:12:21: Time has passed 
2016-03-13 18:12:24: This is my trick: 32 
2016-03-13 18:12:24: This is my trick: 19 
2016-03-13 18:12:24: This is my trick: 19 
2016-03-13 18:12:24: This is my trick: 19 
2016-03-13 18:12:33: This is my trick: 32 
2016-03-13 18:12:33: This is my trick: 19 
2016-03-13 18:12:33: This is my trick: 19 
2016-03-13 18:12:33: This is my trick: 19 
2016-03-13 18:12:36: Just deactivated an entity of type : 2
2016-03-13 18:12:44: Just deactivated an entity of type : 2
2016-03-13 18:12:47: This is my trick: 30 
2016-03-13 18:12:47: This is my trick: 21 
2016-03-13 18:12:47: This is my trick: 21 
2016-03-13 18:12:47: This is my trick: 21 
2016-03-13 18:12:48: This is my trick: 32 
2016-03-13 18:12:48: This is my trick: 19 
2016-03-13 18:12:48: This is my trick: 19 
2016-03-13 18:12:48: This is my trick: 19 
2016-03-13 18:12:57: Just deactivated an entity of type : 2
2016-03-13 18:13:04: Just deactivated an entity of type : 2
2016-03-13 18:13:12: Just deactivated an entity of type : 2
2016-03-13 18:13:17: This is my trick: 32 
2016-03-13 18:13:17: This is my trick: 19 
2016-03-13 18:13:17: This is my trick: 19 
2016-03-13 18:13:17: This is my trick: 19 
2016-03-13 18:13:25: Just deactivated an entity of type : 2
2016-03-13 18:13:36: Perfect Launch 
2016-03-13 18:13:36: Just deactivated an entity of type : 2
2016-03-13 18:13:36: Time has passed 
2016-03-13 18:13:44: Perfect Launch 
2016-03-13 18:13:44: Just deactivated an entity of type : 2
2016-03-13 18:13:45: Time has passed 
2016-03-13 18:14:00: This is my trick: 40 
2016-03-13 18:14:00: This is my trick: 38 
2016-03-13 18:14:00: Perfect Launch 
2016-03-13 18:14:00: Just deactivated an entity of type : 2
2016-03-13 18:14:01: Time has passed 
2016-03-13 18:14:05: This is my trick: 32 
2016-03-13 18:14:05: This is my trick: 19 
2016-03-13 18:14:05: This is my trick: 19 
2016-03-13 18:14:05: This is my trick: 19 
2016-03-13 18:14:09: Just deactivated an entity of type : 2
2016-03-13 18:14:09: Perfect Launch 
2016-03-13 18:14:09: Time has passed 
2016-03-13 18:14:23: This is my trick: 32 
2016-03-13 18:14:23: This is my trick: 19 
2016-03-13 18:14:23: This is my trick: 19 
2016-03-13 18:14:23: This is my trick: 19 
2016-03-13 18:14:25: Perfect Launch 
2016-03-13 18:14:25: Just deactivated an entity of type : 2
2016-03-13 18:14:26: Time has passed 
2016-03-13 18:14:37: I am playing the fall sound. Plays on initial collision and on bounces2016-03-13 18:14:45: Just deactivated an entity of type : 2
2016-03-13 18:15:04: Perfect Launch 
2016-03-13 18:15:04: Just deactivated an entity of type : 2
2016-03-13 18:15:05: Time has passed 
2016-03-13 18:15:14: Landing back is: 1 
2016-03-13 18:15:17: I am playing the fall sound. Plays on initial collision and on bounces2016-03-13 18:15:24: Perfect Launch 
2016-03-13 18:15:24: Just deactivated an entity of type : 2
2016-03-13 18:15:25: Time has passed 
2016-03-13 18:15:38: I am playing the fall sound. Plays on initial collision and on bounces2016-03-13 18:15:41: This is my trick: 32 
2016-03-13 18:15:41: This is my trick: 19 
2016-03-13 18:15:41: This is my trick: 19 
2016-03-13 18:15:41: This is my trick: 19 
2016-03-13 18:15:45: This is my trick: 32 
2016-03-13 18:15:45: This is my trick: 19 
2016-03-13 18:15:45: This is my trick: 19 
2016-03-13 18:15:45: This is my trick: 19 
2016-03-13 18:15:45: Perfect Launch 
2016-03-13 18:15:45: Just deactivated an entity of type : 2
2016-03-13 18:15:46: Time has passed 
2016-03-13 18:15:53: Just deactivated an entity of type : 2
2016-03-13 18:16:00: Just deactivated an entity of type : 2
2016-03-13 18:16:08: Just deactivated an entity of type : 2
2016-03-13 18:16:15: Just deactivated an entity of type : 2
2016-03-13 18:16:15: Perfect Launch 
2016-03-13 18:16:16: Time has passed 
2016-03-13 18:16:31: Just deactivated an entity of type : 2
2016-03-13 18:16:31: Perfect Launch 
2016-03-13 18:16:32: Time has passed 
2016-03-13 18:16:34: This is my trick: 32 
2016-03-13 18:16:34: This is my trick: 19 
2016-03-13 18:16:34: This is my trick: 19 
2016-03-13 18:16:34: This is my trick: 19 
2016-03-13 18:16:42: Landing back is: 3 
2016-03-13 18:16:48: This is my trick: 30 
2016-03-13 18:16:48: This is my trick: 21 
2016-03-13 18:16:48: This is my trick: 21 
2016-03-13 18:16:48: This is my trick: 21 
2016-03-13 18:16:49: This is my trick: 32 
2016-03-13 18:16:49: This is my trick: 19 
2016-03-13 18:16:49: This is my trick: 19 
2016-03-13 18:16:49: This is my trick: 19 
2016-03-13 18:16:52: Perfect Launch 
2016-03-13 18:16:52: Just deactivated an entity of type : 2
2016-03-13 18:16:52: Time has passed 
2016-03-13 18:17:02: This is my trick: 12 
2016-03-13 18:17:02: This is my trick: 9 
2016-03-13 18:17:08: I am playing the fall sound. Plays on initial collision and on bounces2016-03-13 18:17:10: Registering score [106200] in board [3]
2016-03-13 18:17:10: Score registered Score: [106200] Rank [6622]
2016-03-13 18:17:22: Perfect Launch 
2016-03-13 18:17:22: Just deactivated an entity of type : 2
2016-03-13 18:17:22: Time has passed 
2016-03-13 18:17:24: This is my trick: 32 
2016-03-13 18:17:24: This is my trick: 19 
2016-03-13 18:17:24: This is my trick: 19 
2016-03-13 18:17:24: This is my trick: 19 
2016-03-13 18:17:35: This is my trick: 32 
2016-03-13 18:17:35: This is my trick: 19 
2016-03-13 18:17:35: This is my trick: 19 
2016-03-13 18:17:35: This is my trick: 19 
2016-03-13 18:17:38: Perfect Launch 
2016-03-13 18:17:38: Just deactivated an entity of type : 2
2016-03-13 18:17:38: Time has passed 
2016-03-13 18:17:44: This is my trick: 34 
2016-03-13 18:17:44: This is my trick: 34 
2016-03-13 18:17:44: This is my trick: 34 
2016-03-13 18:17:44: This is my trick: 33 
2016-03-13 18:17:44: This is my trick: 33 
2016-03-13 18:17:44: This is my trick: 26 
2016-03-13 18:17:54: This is my trick: 30 
2016-03-13 18:17:54: This is my trick: 21 
2016-03-13 18:17:54: This is my trick: 21 
2016-03-13 18:17:54: This is my trick: 21 
2016-03-13 18:17:57: This is my trick: 32 
2016-03-13 18:17:57: This is my trick: 19 
2016-03-13 18:17:57: This is my trick: 19 
2016-03-13 18:17:57: This is my trick: 19 
2016-03-13 18:18:02: I am playing the fall sound. Plays on initial collision and on bounces2016-03-13 18:18:02: I am playing the fall sound. Plays on initial collision and on bounces2016-03-13 18:18:04: Registering score [106200] in board [3]
2016-03-13 18:18:12: Perfect Launch 
2016-03-13 18:18:12: Just deactivated an entity of type : 2
2016-03-13 18:18:13: Time has passed 
2016-03-13 18:18:19: I am playing the fall sound. Plays on initial collision and on bounces2016-03-13 18:18:21: Registering score [106200] in board [3]
2016-03-13 18:18:23: activated career menu2016-03-13 18:18:24: deactivated career menu2016-03-13 18:18:26: MenuStateStart deactivating...
2016-03-13 18:18:26: PopUp destroy...
2016-03-13 18:18:26: /home/blit/Repos/olliolli2/olliolli2/Core/Audio/FMOD/PhyreAudioInterfaceFMOD.cpp(248): terminate: FMOD(R) Error 73 (Shared subsounds cannot be replaced or moved from their parent stream, such as when the parent stream is an FSB file. ), releasing sound[501]
2016-03-13 18:18:26: /home/blit/Repos/olliolli2/olliolli2/Core/Audio/FMOD/PhyreAudioInterfaceFMOD.cpp(248): terminate: FMOD(R) Error 68 (The specified sound is still in use by the event system, call EventSystem::unloadFSB before trying to release it. ), releasing sound[500]
2016-03-13 18:18:26: /home/blit/Repos/olliolli2/olliolli2/Core/Audio/FMOD/PhyreAudioInterfaceFMOD.cpp(248): terminate: FMOD(R) Error 73 (Shared subsounds cannot be replaced or moved from their parent stream, such as when the parent stream is an FSB file. ), releasing sound[499]
2016-03-13 18:18:26: /home/blit/Repos/olliolli2/olliolli2/Core/Audio/FMOD/PhyreAudioInterfaceFMOD.cpp(248): terminate: FMOD(R) Error 68 (The specified sound is still in use by the event system, call EventSystem::unloadFSB before trying to release it. ), releasing sound[498]
2016-03-13 18:18:26: /home/blit/Repos/olliolli2/olliolli2/Core/Audio/FMOD/PhyreAudioInterfaceFMOD.cpp(248): terminate: FMOD(R) Error 73 (Shared subsounds cannot be replaced or moved from their parent stream, such as when the parent stream is an FSB file. ), releasing sound[497]
2016-03-13 18:18:26: /home/blit/Repos/olliolli2/olliolli2/Core/Audio/FMOD/PhyreAudioInterfaceFMOD.cpp(248): terminate: FMOD(R) Error 68 (The specified sound is still in use by the event system, call EventSystem::unloadFSB before trying to release it. ), releasing sound[496]
2016-03-13 18:18:26: /home/blit/Repos/olliolli2/olliolli2/Core/Audio/FMOD/PhyreAudioInterfaceFMOD.cpp(248): terminate: FMOD(R) Error 73 (Shared subsounds cannot be replaced or moved from their parent stream, such as when the parent stream is an FSB file. ), releasing sound[495]
2016-03-13 18:18:26: /home/blit/Repos/olliolli2/olliolli2/Core/Audio/FMOD/PhyreAudioInterfaceFMOD.cpp(248): terminate: FMOD(R) Error 68 (The specified sound is still in use by the event system, call EventSystem::unloadFSB before trying to release it. ), releasing sound[494]
2016-03-13 18:18:26: /home/blit/Repos/olliolli2/olliolli2/Core/Audio/FMOD/PhyreAudioInterfaceFMOD.cpp(248): terminate: FMOD(R) Error 73 (Shared subsounds cannot be replaced or moved from their parent stream, such as when the parent stream is an FSB file. ), releasing sound[493]
2016-03-13 18:18:26: /home/blit/Repos/olliolli2/olliolli2/Core/Audio/FMOD/PhyreAudioInterfaceFMOD.cpp(248): terminate: FMOD(R) Error 68 (The specified sound is still in use by the event system, call EventSystem::unloadFSB before trying to release it. ), releasing sound[492]
2016-03-13 18:18:26: /home/blit/Repos/olliolli2/olliolli2/Core/Audio/FMOD/PhyreAudioInterfaceFMOD.cpp(248): terminate: FMOD(R) Error 73 (Shared subsounds cannot be replaced or moved from their parent stream, such as when the parent stream is an FSB file. ), releasing sound[491]
2016-03-13 18:18:26: /home/blit/Repos/olliolli2/olliolli2/Core/Audio/FMOD/PhyreAudioInterfaceFMOD.cpp(248): terminate: FMOD(R) Error 68 (The specified sound is still in use by the event system, call EventSystem::unloadFSB before trying to release it. ), releasing sound[490]
2016-03-13 18:18:26: /home/blit/Repos/olliolli2/olliolli2/Core/Audio/FMOD/PhyreAudioInterfaceFMOD.cpp(248): terminate: FMOD(R) Error 73 (Shared subsounds cannot be replaced or moved from their parent stream, such as when the parent stream is an FSB file. ), releasing sound[489]
2016-03-13 18:18:26: /home/blit/Repos/olliolli2/olliolli2/Core/Audio/FMOD/PhyreAudioInterfaceFMOD.cpp(248): terminate: FMOD(R) Error 68 (The specified sound is still in use by the event system, call EventSystem::unloadFSB before trying to release it. ), releasing sound[488]
2016-03-13 18:18:26: /home/blit/Repos/olliolli2/olliolli2/Core/Audio/FMOD/PhyreAudioInterfaceFMOD.cpp(248): terminate: FMOD(R) Error 73 (Shared subsounds cannot be replaced or moved from their parent stream, such as when the parent stream is an FSB file. ), releasing sound[487]
2016-03-13 18:18:26: /home/blit/Repos/olliolli2/olliolli2/Core/Audio/FMOD/PhyreAudioInterfaceFMOD.cpp(248): terminate: FMOD(R) Error 68 (The specified sound is still in use by the event system, call EventSystem::unloadFSB before trying to release it. ), releasing sound[486]
2016-03-13 18:18:26: /home/blit/Repos/olliolli2/olliolli2/Core/Audio/FMOD/PhyreAudioInterfaceFMOD.cpp(248): terminate: FMOD(R) Error 73 (Shared subsounds cannot be replaced or moved from their parent stream, such as when the parent stream is an FSB file. ), releasing sound[485]
2016-03-13 18:18:26: /home/blit/Repos/olliolli2/olliolli2/Core/Audio/FMOD/PhyreAudioInterfaceFMOD.cpp(248): terminate: FMOD(R) Error 68 (The specified sound is still in use by the event system, call EventSystem::unloadFSB before trying to release it. ), releasing sound[484]
2016-03-13 18:18:26: /home/blit/Repos/olliolli2/olliolli2/Core/Audio/FMOD/PhyreAudioInterfaceFMOD.cpp(248): terminate: FMOD(R) Error 73 (Shared subsounds cannot be replaced or moved from their parent stream, such as when the parent stream is an FSB file. ), releasing sound[483]
2016-03-13 18:18:26: /home/blit/Repos/olliolli2/olliolli2/Core/Audio/FMOD/PhyreAudioInterfaceFMOD.cpp(248): terminate: FMOD(R) Error 68 (The specified sound is still in use by the event system, call EventSystem::unloadFSB before trying to release it. ), releasing sound[482]
2016-03-13 18:18:26: Deinitializing AppStateComboRushPs4...
2016-03-13 18:18:26: Deinitializing AppStateDailyGrind...
2016-03-13 18:18:26: Deinitializing AppStateGame...
2016-03-13 18:18:26: Deinitializing AppStateLoading...
2016-03-13 18:18:26: Deinitializing AppStateSpots...
2016-03-13 18:18:26: Deinitializing AppStateTutorial...
2016-03-13 18:18:26: Deinitializing MenuStateCareer...
2016-03-13 18:18:26: Deinitializing MenuStateComboRush...
2016-03-13 18:18:26: Deinitializing MenuStateComboRushEnd...
2016-03-13 18:18:26: Deinitializing MenuStateComboRushGameType...
2016-03-13 18:18:26: Deinitializing MenuStateComboRushLevelSelect...
2016-03-13 18:18:26: Deinitializing MenuStateComboRushPause...
2016-03-13 18:18:26: Deinitializing MenuStateComboRushPlayerSelection...
2016-03-13 18:18:26: Deinitializing MenuStateComboRushRanking...
2016-03-13 18:18:26: Deinitializing MenuStateComboRushSettings...
2016-03-13 18:18:26: Deinitializing MenuStateComboRushTournamentLength...
2016-03-13 18:18:26: Deinitializing MenuStateControls...
2016-03-13 18:18:26: Deinitializing MenuStateCredits...
2016-03-13 18:18:26: Deinitializing MenuStateLeaderboard...
2016-03-13 18:18:26: Deinitializing MenuStateOptions...
2016-03-13 18:18:26: Deinitializing MenuStatePreDailyGrind...
2016-03-13 18:18:26: Deinitializing MenuStatePreGameScreen...
2016-03-13 18:18:26: Deinitializing MenuStatePreSpotScreen...
2016-03-13 18:18:26: Deinitializing MenuStatePreTutorialScreen...
2016-03-13 18:18:26: Deinitializing MenuStateProfilePage...
2016-03-13 18:18:26: Deinitializing MenuStateRad...
2016-03-13 18:18:26: Deinitializing MenuStateSpots...
2016-03-13 18:18:26: Deinitializing MenuStateStart...
2016-03-13 18:18:26: Deinitializing MenuStateTricktionary...
2016-03-13 18:18:26: Deinitializing MenuStateTutorial...
2016-03-13 18:18:26: Deinitializing MenuStateVideoSettings...
2016-03-13 18:18:26: GameCore shutdown...
